Detecting C [-std=c11] compiler features failed to compile with the following output:
Change Dir: /Users/Atlantis/My Projects/C:C++/luogu/cmake-build-debug/CMakeFiles/CMakeTmp

Run Build Command:"/usr/bin/make" "cmTC_42933/fast"
/Library/Developer/CommandLineTools/usr/bin/make -f CMakeFiles/cmTC_42933.dir/build.make CMakeFiles/cmTC_42933.dir/build
CMakeFiles/cmTC_42933.dir/build.make:64: *** target pattern contains no `%'.  Stop.
make: *** [cmTC_42933/fast] Error 2



Detecting CXX [-std=c++1z] compiler features failed to compile with the following output:
Change Dir: /Users/Atlantis/My Projects/C:C++/luogu/cmake-build-debug/CMakeFiles/CMakeTmp

Run Build Command:"/usr/bin/make" "cmTC_8a695/fast"
/Library/Developer/CommandLineTools/usr/bin/make -f CMakeFiles/cmTC_8a695.dir/build.make CMakeFiles/cmTC_8a695.dir/build
CMakeFiles/cmTC_8a695.dir/build.make:64: *** target pattern contains no `%'.  Stop.
make: *** [cmTC_8a695/fast] Error 2



